<?xml version="1.0" encoding="UTF-8"?>
<testng-results skipped="0" failed="1" ignored="0" total="1" passed="0">
  <reporter-output>
  </reporter-output>
  <suite name="Default suite" duration-ms="16299" started-at="2022-11-23T08:37:09Z" finished-at="2022-11-23T08:37:26Z">
    <groups>
    </groups>
    <test name="Default test" duration-ms="16299" started-at="2022-11-23T08:37:09Z" finished-at="2022-11-23T08:37:26Z">
      <class name="org.test.Compare">
        <test-method status="PASS" signature="before()[pri:0, instance:org.test.Compare@59f99ea]" name="before" is-config="true" duration-ms="3205" started-at="2022-11-23T08:37:09Z" finished-at="2022-11-23T08:37:12Z">
          <reporter-output>
          </reporter-output>
        </test-method> <!-- before -->
        <test-method status="PASS" signature="beforem()[pri:0, instance:org.test.Compare@59f99ea]" name="beforem" is-config="true" duration-ms="184" started-at="2022-11-23T08:37:12Z" finished-at="2022-11-23T08:37:13Z">
          <reporter-output>
          </reporter-output>
        </test-method> <!-- beforem -->
        <test-method status="FAIL" signature="wiki()[pri:0, instance:org.test.Compare@59f99ea]" name="wiki" duration-ms="11770" started-at="2022-11-23T08:37:13Z" finished-at="2022-11-23T08:37:24Z">
          <exception class="junit.framework.ComparisonFailure">
            <message>
              <![CDATA[expected:<[17 December 2021]> but was:<[December 17, 2021 (United States)]>]]>
            </message>
            <full-stacktrace>
              <![CDATA[junit.framework.ComparisonFailure: expected:<[17 December 2021]> but was:<[December 17, 2021 (United States)]>
at junit.framework.Assert.assertEquals(Assert.java:100)
at junit.framework.Assert.assertEquals(Assert.java:107)
at org.test.Compare.wiki(Compare.java:57)
at sun.reflect.NativeMethodAccessorImpl.invoke0(Native Method)
at sun.reflect.NativeMethodAccessorImpl.invoke(Unknown Source)
at sun.reflect.DelegatingMethodAccessorImpl.invoke(Unknown Source)
at java.lang.reflect.Method.invoke(Unknown Source)
at org.testng.internal.MethodInvocationHelper.invokeMethod(MethodInvocationHelper.java:124)
at org.testng.internal.Invoker.invokeMethod(Invoker.java:583)
at org.testng.internal.Invoker.invokeTestMethod(Invoker.java:719)
at org.testng.internal.Invoker.invokeTestMethods(Invoker.java:989)
at org.testng.internal.TestMethodWorker.invokeTestMethods(TestMethodWorker.java:125)
at org.testng.internal.TestMethodWorker.run(TestMethodWorker.java:109)
at org.testng.TestRunner.privateRun(TestRunner.java:648)
at org.testng.TestRunner.run(TestRunner.java:505)
at org.testng.SuiteRunner.runTest(SuiteRunner.java:455)
at org.testng.SuiteRunner.runSequentially(SuiteRunner.java:450)
at org.testng.SuiteRunner.privateRun(SuiteRunner.java:415)
at org.testng.SuiteRunner.run(SuiteRunner.java:364)
at org.testng.SuiteRunnerWorker.runSuite(SuiteRunnerWorker.java:52)
at org.testng.SuiteRunnerWorker.run(SuiteRunnerWorker.java:84)
at org.testng.TestNG.runSuitesSequentially(TestNG.java:1208)
at org.testng.TestNG.runSuitesLocally(TestNG.java:1137)
at org.testng.TestNG.runSuites(TestNG.java:1049)
at org.testng.TestNG.run(TestNG.java:1017)
at org.testng.remote.AbstractRemoteTestNG.run(AbstractRemoteTestNG.java:114)
at org.testng.remote.RemoteTestNG.initAndRun(RemoteTestNG.java:251)
at org.testng.remote.RemoteTestNG.main(RemoteTestNG.java:77)
]]>
            </full-stacktrace>
          </exception> <!-- junit.framework.ComparisonFailure -->
          <reporter-output>
          </reporter-output>
        </test-method> <!-- wiki -->
        <test-method status="PASS" signature="afterm()[pri:0, instance:org.test.Compare@59f99ea]" name="afterm" is-config="true" duration-ms="426" started-at="2022-11-23T08:37:24Z" finished-at="2022-11-23T08:37:25Z">
          <reporter-output>
          </reporter-output>
        </test-method> <!-- afterm -->
        <test-method status="PASS" signature="last()[pri:0, instance:org.test.Compare@59f99ea]" name="last" is-config="true" duration-ms="661" started-at="2022-11-23T08:37:25Z" finished-at="2022-11-23T08:37:26Z">
          <reporter-output>
          </reporter-output>
        </test-method> <!-- last -->
      </class> <!-- org.test.Compare -->
    </test> <!-- Default test -->
  </suite> <!-- Default suite -->
</testng-results>
